#
# A fatal error has been detected by the Java Runtime Environment:
#
#  Internal Error (semaphore_bsd.cpp:45), pid=1370, tid=33795
#  guarantee(ret == KERN_SUCCESS) failed: Failed to create semaphore: Unknown
#
# JRE version: Java(TM) SE Runtime Environment 18.9 (11.0.10+8) (build 11.0.10+8-LTS-162)
# Java VM: Java HotSpot(TM) 64-Bit Server VM 18.9 (11.0.10+8-LTS-162, mixed mode, tiered, compressed oops, g1 gc, bsd-amd64)
# No core dump will be written. Core dumps have been disabled. To enable core dumping, try "ulimit -c unlimited" before starting Java again
#
# If you would like to submit a bug report, please visit:
#   https://bugreport.java.com/bugreport/crash.jsp
#

---------------  S U M M A R Y ------------

Command Line: -agentpath:/private/var/folders/85/ldcddjcd60v27j11rgdt65z80000gn/T/libasyncProfiler.so=start,jfr,interval=1ms,framebuf=15000000,file=/private/var/folders/85/ldcddjcd60v27j11rgdt65z80000gn/T/asyncprofiler.jfr -XX:TieredStopAtLevel=1 -Xverify:none -Dspring.output.ansi.enabled=always -javaagent:/Applications/IntelliJ IDEA.app/Contents/lib/idea_rt.jar=49821:/Applications/IntelliJ IDEA.app/Contents/bin -Dcom.sun.management.jmxremote -Dspring.jmx.enabled=true -Dspring.liveBeansView.mbeanDomain -Dspring.application.admin.enabled=true -Dfile.encoding=UTF-8 com.example.jpa.SampleApplication

Host: MacBookAir10,1 x86_64 2400 MHz, 8 cores, 8G, Darwin 20.2.0
Time: Sat Mar 20 14:07:59 2021 KST elapsed time: 6.139680 seconds (0d 0h 0m 6s)

---------------  T H R E A D  ---------------

Current thread (0x00007fbd3d454800):  JavaThread "RMI TCP Connection(1)-192.168.1.42" daemon [_thread_in_vm, id=33795, stack(0x000000030e65c000,0x000000030e75c000)]

Stack: [0x000000030e65c000,0x000000030e75c000],  sp=0x000000030e757ab0,  free space=1006k
Native frames: (J=compiled Java code, A=aot compiled Java code, j=interpreted, Vv=VM code, C=native code)
V  [libjvm.dylib+0x7968ee]  VMError::report_and_die(int, char const*, char const*, __va_list_tag*, Thread*, unsigned char*, void*, void*, char const*, int, unsigned long)+0x63c
V  [libjvm.dylib+0x796f71]  VMError::report_and_die(Thread*, void*, char const*, int, char const*, char const*, __va_list_tag*)+0x47
V  [libjvm.dylib+0x266756]  report_vm_error(char const*, int, char const*, char const*, ...)+0xa9
V  [libjvm.dylib+0x6b8f66]  OSXSemaphore::OSXSemaphore(unsigned int)+0x66
V  [libjvm.dylib+0x364554]  HandshakeState::HandshakeState()+0x1e
V  [libjvm.dylib+0x743965]  JavaThread::JavaThread(void (*)(JavaThread*, Thread*), unsigned long)+0x53
V  [libjvm.dylib+0x4227fc]  JVM_StartThread+0x15c
j  java.lang.Thread.start0()V+0 java.base@11.0.10
j  java.lang.Thread.start()V+26 java.base@11.0.10
j  com.sun.jmx.remote.internal.ServerCommunicatorAdmin.<init>(J)V+109 java.management@11.0.10
j  javax.management.remote.rmi.RMIConnectionImpl$RMIServerCommunicatorAdmin.<init>(Ljavax/management/remote/rmi/RMIConnectionImpl;J)V+7 java.management.rmi@11.0.10
j  javax.management.remote.rmi.RMIConnectionImpl.<init>(Ljavax/management/remote/rmi/RMIServerImpl;Ljava/lang/String;Ljava/lang/ClassLoader;Ljavax/security/auth/Subject;Ljava/util/Map;)V+244 java.management.rmi@11.0.10
j  javax.management.remote.rmi.RMIJRMPServerImpl.makeClient(Ljava/lang/String;Ljavax/security/auth/Subject;)Ljavax/management/remote/rmi/RMIConnection;+29 java.management.rmi@11.0.10
j  javax.management.remote.rmi.RMIServerImpl.doNewClient(Ljava/lang/Object;)Ljavax/management/remote/rmi/RMIConnection;+228 java.management.rmi@11.0.10
j  javax.management.remote.rmi.RMIServerImpl.newClient(Ljava/lang/Object;)Ljavax/management/remote/rmi/RMIConnection;+2 java.management.rmi@11.0.10
v  ~StubRoutines::call_stub
V  [libjvm.dylib+0x39e2ec]  JavaCalls::call_helper(JavaValue*, methodHandle const&, JavaCallArguments*, Thread*)+0x21c
V  [libjvm.dylib+0x6a1d8e]  invoke(InstanceKlass*, methodHandle const&, Handle, bool, objArrayHandle, BasicType, objArrayHandle, bool, Thread*)+0x4e9
V  [libjvm.dylib+0x6a185b]  Reflection::invoke_method(oopDesc*, Handle, objArrayHandle, Thread*)+0xf5
V  [libjvm.dylib+0x426438]  JVM_InvokeMethod+0x20a
J 2720  jdk.internal.reflect.NativeMethodAccessorImpl.invoke0(Ljava/lang/reflect/Method;Ljava/lang/Object;[Ljava/lang/Object;)Ljava/lang/Object; java.base@11.0.10 (0 bytes) @ 0x000000011cb139bd [0x000000011cb138c0+0x00000000000000fd]
J 2719 c1 jdk.internal.reflect.NativeMethodAccessorImpl.invoke(Ljava/lang/Object;[Ljava/lang/Object;)Ljava/lang/Object; java.base@11.0.10 (104 bytes) @ 0x000000011cb14154 [0x000000011cb13da0+0x00000000000003b4]
J 2406 c1 jdk.internal.reflect.DelegatingMethodAccessorImpl.invoke(Ljava/lang/Object;[Ljava/lang/Object;)Ljava/lang/Object; java.base@11.0.10 (10 bytes) @ 0x000000011ca5eb04 [0x000000011ca5eac0+0x0000000000000044]
J 2425 c1 java.lang.reflect.Method.invoke(Ljava/lang/Object;[Ljava/lang/Object;)Ljava/lang/Object; java.base@11.0.10 (65 bytes) @ 0x000000011ca6c96c [0x000000011ca6c860+0x000000000000010c]
j  sun.rmi.server.UnicastServerRef.dispatch(Ljava/rmi/Remote;Ljava/rmi/server/RemoteCall;)V+264 java.rmi@11.0.10
j  sun.rmi.transport.Transport$1.run()Ljava/lang/Void;+23 java.rmi@11.0.10
j  sun.rmi.transport.Transport$1.run()Ljava/lang/Object;+1 java.rmi@11.0.10
v  ~StubRoutines::call_stub
V  [libjvm.dylib+0x39e2ec]  JavaCalls::call_helper(JavaValue*, methodHandle const&, JavaCallArguments*, Thread*)+0x21c
V  [libjvm.dylib+0x419ea9]  JVM_DoPrivileged+0x6d3
j  java.security.AccessController.doPrivileged(Ljava/security/PrivilegedExceptionAction;Ljava/security/AccessControlContext;)Ljava/lang/Object;+0 java.base@11.0.10
j  sun.rmi.transport.Transport.serviceCall(Ljava/rmi/server/RemoteCall;)Z+157 java.rmi@11.0.10
j  sun.rmi.transport.tcp.TCPTransport.handleMessages(Lsun/rmi/transport/Connection;Z)V+145 java.rmi@11.0.10
j  sun.rmi.transport.tcp.TCPTransport$ConnectionHandler.run0()V+490 java.rmi@11.0.10
j  sun.rmi.transport.tcp.TCPTransport$ConnectionHandler.lambda$run$0()Ljava/lang/Void;+1 java.rmi@11.0.10
j  sun.rmi.transport.tcp.TCPTransport$ConnectionHandler$$Lambda$248.run()Ljava/lang/Object;+4 java.rmi@11.0.10
v  ~StubRoutines::call_stub
V  [libjvm.dylib+0x39e2ec]  JavaCalls::call_helper(JavaValue*, methodHandle const&, JavaCallArguments*, Thread*)+0x21c
V  [libjvm.dylib+0x419ea9]  JVM_DoPrivileged+0x6d3
j  java.security.AccessController.doPrivileged(Ljava/security/PrivilegedAction;Ljava/security/AccessControlContext;)Ljava/lang/Object;+0 java.base@11.0.10
j  sun.rmi.transport.tcp.TCPTransport$ConnectionHandler.run()V+37 java.rmi@11.0.10
j  java.util.concurrent.ThreadPoolExecutor.runWorker(Ljava/util/concurrent/ThreadPoolExecutor$Worker;)V+92 java.base@11.0.10
j  java.util.concurrent.ThreadPoolExecutor$Worker.run()V+5 java.base@11.0.10
j  java.lang.Thread.run()V+11 java.base@11.0.10
v  ~StubRoutines::call_stub
V  [libjvm.dylib+0x39e2ec]  JavaCalls::call_helper(JavaValue*, methodHandle const&, JavaCallArguments*, Thread*)+0x21c
V  [libjvm.dylib+0x39d750]  JavaCalls::call_virtual(JavaValue*, Klass*, Symbol*, Symbol*, JavaCallArguments*, Thread*)+0xee
V  [libjvm.dylib+0x39d80c]  JavaCalls::call_virtual(JavaValue*, Handle, Klass*, Symbol*, Symbol*, Thread*)+0x62
V  [libjvm.dylib+0x42299d]  thread_entry(JavaThread*, Thread*)+0x78
V  [libjvm.dylib+0x743e96]  JavaThread::thread_main_inner()+0x82
V  [libjvm.dylib+0x743ce0]  JavaThread::run()+0x174
V  [libjvm.dylib+0x741b1a]  Thread::call_run()+0x68
V  [libjvm.dylib+0x645b53]  thread_native_entry(Thread*)+0x139
C  [libsystem_pthread.dylib+0x6950]  _pthread_start+0xe0
C  [libsystem_pthread.dylib+0x247b]  thread_start+0xf

Java frames: (J=compiled Java code, j=interpreted, Vv=VM code)
j  java.lang.Thread.start0()V+0 java.base@11.0.10
j  java.lang.Thread.start()V+26 java.base@11.0.10
j  com.sun.jmx.remote.internal.ServerCommunicatorAdmin.<init>(J)V+109 java.management@11.0.10
j  javax.management.remote.rmi.RMIConnectionImpl$RMIServerCommunicatorAdmin.<init>(Ljavax/management/remote/rmi/RMIConnectionImpl;J)V+7 java.management.rmi@11.0.10
j  javax.management.remote.rmi.RMIConnectionImpl.<init>(Ljavax/management/remote/rmi/RMIServerImpl;Ljava/lang/String;Ljava/lang/ClassLoader;Ljavax/security/auth/Subject;Ljava/util/Map;)V+244 java.management.rmi@11.0.10
j  javax.management.remote.rmi.RMIJRMPServerImpl.makeClient(Ljava/lang/String;Ljavax/security/auth/Subject;)Ljavax/management/remote/rmi/RMIConnection;+29 java.management.rmi@11.0.10
j  javax.management.remote.rmi.RMIServerImpl.doNewClient(Ljava/lang/Object;)Ljavax/management/remote/rmi/RMIConnection;+228 java.management.rmi@11.0.10
j  javax.management.remote.rmi.RMIServerImpl.newClient(Ljava/lang/Object;)Ljavax/management/remote/rmi/RMIConnection;+2 java.management.rmi@11.0.10
v  ~StubRoutines::call_stub
J 2720  jdk.internal.reflect.NativeMethodAccessorImpl.invoke0(Ljava/lang/reflect/Method;Ljava/lang/Object;[Ljava/lang/Object;)Ljava/lang/Object; java.base@11.0.10 (0 bytes) @ 0x000000011cb13947 [0x000000011cb138c0+0x0000000000000087]
J 2719 c1 jdk.internal.reflect.NativeMethodAccessorImpl.invoke(Ljava/lang/Object;[Ljava/lang/Object;)Ljava/lang/Object; java.base@11.0.10 (104 bytes) @ 0x000000011cb14154 [0x000000011cb13da0+0x00000000000003b4]
J 2406 c1 jdk.internal.reflect.DelegatingMethodAccessorImpl.invoke(Ljava/lang/Object;[Ljava/lang/Object;)Ljava/lang/Object; java.base@11.0.10 (10 bytes) @ 0x000000011ca5eb04 [0x000000011ca5eac0+0x0000000000000044]
J 2425 c1 java.lang.reflect.Method.invoke(Ljava/lang/Object;[Ljava/lang/Object;)Ljava/lang/Object; java.base@11.0.10 (65 bytes) @ 0x000000011ca6c96c [0x000000011ca6c860+0x000000000000010c]
j  sun.rmi.server.UnicastServerRef.dispatch(Ljava/rmi/Remote;Ljava/rmi/server/RemoteCall;)V+264 java.rmi@11.0.10
j  sun.rmi.transport.Transport$1.run()Ljava/lang/Void;+23 java.rmi@11.0.10
j  sun.rmi.transport.Transport$1.run()Ljava/lang/Object;+1 java.rmi@11.0.10
v  ~StubRoutines::call_stub
j  java.security.AccessController.doPrivileged(Ljava/security/PrivilegedExceptionAction;Ljava/security/AccessControlContext;)Ljava/lang/Object;+0 java.base@11.0.10
j  sun.rmi.transport.Transport.serviceCall(Ljava/rmi/server/RemoteCall;)Z+157 java.rmi@11.0.10
j  sun.rmi.transport.tcp.TCPTransport.handleMessages(Lsun/rmi/transport/Connection;Z)V+145 java.rmi@11.0.10
j  sun.rmi.transport.tcp.TCPTransport$ConnectionHandler.run0()V+490 java.rmi@11.0.10
j  sun.rmi.transport.tcp.TCPTransport$ConnectionHandler.lambda$run$0()Ljava/lang/Void;+1 java.rmi@11.0.10
j  sun.rmi.transport.tcp.TCPTransport$ConnectionHandler$$Lambda$248.run()Ljava/lang/Object;+4 java.rmi@11.0.10
v  ~StubRoutines::call_stub
j  java.security.AccessController.doPrivileged(Ljava/security/PrivilegedAction;Ljava/security/AccessControlContext;)Ljava/lang/Object;+0 java.base@11.0.10
j  sun.rmi.transport.tcp.TCPTransport$ConnectionHandler.run()V+37 java.rmi@11.0.10
j  java.util.concurrent.ThreadPoolExecutor.runWorker(Ljava/util/concurrent/ThreadPoolExecutor$Worker;)V+92 java.base@11.0.10
j  java.util.concurrent.ThreadPoolExecutor$Worker.run()V+5 java.base@11.0.10
j  java.lang.Thread.run()V+11 java.base@11.0.10
v  ~StubRoutines::call_stub

---------------  P R O C E S S  ---------------

Threads class SMR info:
_java_thread_list=0x00007fbceced32b0, length=18, elements={
0x00007fbd4d024800, 0x00007fbd4f00f800, 0x00007fbd4e011800, 0x00007fbd4f010800,
0x00007fbd3d00b800, 0x00007fbd4d03f000, 0x00007fbd3d04d000, 0x00007fbd4e095800,
0x00007fbd4f16a000, 0x00007fbd4f19b000, 0x00007fbd4e5aa800, 0x00007fbd3d454800,
0x00007fbd4f300800, 0x00007fbd4f3b7800, 0x00007fbd3d513000, 0x00007fbd4e5d8800,
0x00007fbd3d51e800, 0x00007fbd3d51f800
}

Java Threads: ( => current thread )
  0x00007fbd4d024800 JavaThread "main" [_thread_in_vm, id=7427, stack(0x000000030cd83000,0x000000030ce83000)]
  0x00007fbd4f00f800 JavaThread "Reference Handler" daemon [_thread_blocked, id=16131, stack(0x000000030d498000,0x000000030d598000)]
  0x00007fbd4e011800 JavaThread "Finalizer" daemon [_thread_blocked, id=15107, stack(0x000000030d59b000,0x000000030d69b000)]
  0x00007fbd4f010800 JavaThread "Signal Dispatcher" daemon [_thread_blocked, id=40963, stack(0x000000030d7af000,0x000000030d8af000)]
  0x00007fbd3d00b800 JavaThread "C1 CompilerThread0" daemon [_thread_blocked, id=24579, stack(0x000000030d8b2000,0x000000030d9b2000)]
  0x00007fbd4d03f000 JavaThread "Sweeper thread" daemon [_thread_blocked, id=25091, stack(0x000000030d9b5000,0x000000030dab5000)]
  0x00007fbd3d04d000 JavaThread "Common-Cleaner" daemon [_thread_blocked, id=25859, stack(0x000000030dab8000,0x000000030dbb8000)]
  0x00007fbd4e095800 JavaThread "Monitor Ctrl-Break" daemon [_thread_in_native, id=39171, stack(0x000000030dc3e000,0x000000030dd3e000)]
  0x00007fbd4f16a000 JavaThread "Service Thread" daemon [_thread_blocked, id=38659, stack(0x000000030dd41000,0x000000030de41000)]
  0x00007fbd4f19b000 JavaThread "RMI TCP Accept-0" daemon [_thread_in_native, id=27651, stack(0x000000030de44000,0x000000030df44000)]
  0x00007fbd4e5aa800 JavaThread "Attach Listener" daemon [_thread_blocked, id=29699, stack(0x000000030e250000,0x000000030e350000)]
=>0x00007fbd3d454800 JavaThread "RMI TCP Connection(1)-192.168.1.42" daemon [_thread_in_vm, id=33795, stack(0x000000030e65c000,0x000000030e75c000)]
  0x00007fbd4f300800 JavaThread "RMI Scheduler(0)" daemon [_thread_blocked, id=32771, stack(0x000000030e75f000,0x000000030e85f000)]
  0x00007fbd4f3b7800 JavaThread "HikariPool-1 housekeeper" daemon [_thread_blocked, id=35079, stack(0x000000030e353000,0x000000030e453000)]
  0x00007fbd3d513000 JavaThread "Catalina-utility-1" [_thread_blocked, id=43531, stack(0x000000030e862000,0x000000030e962000)]
  0x00007fbd4e5d8800 JavaThread "Catalina-utility-2" [_thread_blocked, id=86299, stack(0x000000030eb6b000,0x000000030ec6b000)]
  0x00007fbd3d51e800 JavaThread "container-0" [_thread_blocked, id=45059, stack(0x000000030ec6e000,0x000000030ed6e000)]
  0x00007fbd3d51f800 JavaThread "HikariPool-1 connection adder" daemon [_thread_blocked, id=45571, stack(0x000000030ed71000,0x000000030ee71000)]

Other Threads:
  0x00007fbd4e00f000 VMThread "VM Thread" [stack: 0x000000030d395000,0x000000030d495000] [id=17411]
  0x00007fbd4d1e7800 WatcherThread [stack: 0x000000030df47000,0x000000030e047000] [id=36951]
  0x00007fbd4f00e800 GCTaskThread "GC Thread#0" [stack: 0x000000030ce86000,0x000000030cf86000] [id=19459]
  0x00007fbd4e597000 GCTaskThread "GC Thread#1" [stack: 0x000000030e04a000,0x000000030e14a000] [id=28647]
  0x00007fbd4e4a5800 GCTaskThread "GC Thread#2" [stack: 0x000000030e14d000,0x000000030e24d000] [id=36611]
  0x00007fbd2d81d000 GCTaskThread "GC Thread#3" [stack: 0x000000030e456000,0x000000030e556000] [id=30607]
  0x00007fbd3d480000 GCTaskThread "GC Thread#4" [stack: 0x000000030e965000,0x000000030ea65000] [id=86943]
  0x00007fbd3d48b000 GCTaskThread "GC Thread#5" [stack: 0x000000030ea68000,0x000000030eb68000] [id=44291]
  0x00007fbd2d016800 GCTaskThread "GC Thread#6" [stack: 0x000000030ee74000,0x000000030ef74000] [id=85115]
  0x00007fbd2d019800 GCTaskThread "GC Thread#7" [stack: 0x000000030ef77000,0x000000030f077000] [id=84739]
  0x00007fbd4e033800 ConcurrentGCThread "G1 Main Marker" [stack: 0x000000030cf89000,0x000000030d089000] [id=13059]
  0x00007fbd4e034000 ConcurrentGCThread "G1 Conc#0" [stack: 0x000000030d08c000,0x000000030d18c000] [id=18947]
  0x00007fbd4e59f800 ConcurrentGCThread "G1 Conc#1" [stack: 0x000000030e559000,0x000000030e659000] [id=34335]
  0x00007fbd4e095000 ConcurrentGCThread "G1 Refine#0" [stack: 0x000000030d18f000,0x000000030d28f000] [id=14083]
  0x00007fbd4d026000 ConcurrentGCThread "G1 Young RemSet Sampling" [stack: 0x000000030d292000,0x000000030d392000] [id=18435]

Threads with active compile tasks:

VM state:not at safepoint (normal execution)

VM Mutex/Monitor currently owned by a thread:  ([mutex/lock_event])
[0x00007fbd3cc05da0] Threads_lock - owner thread: 0x00007fbd3d454800

Heap address: 0x0000000780000000, size: 2048 MB, Compressed Oops mode: Zero based, Oop shift amount: 3
Narrow klass base: 0x0000000800000000, Narrow klass shift: 0
Compressed class space size: 1073741824 Address: 0x0000000800000000

Heap:
 garbage-first heap   total 157696K, used 57020K [0x0000000780000000, 0x0000000800000000)
  region size 1024K, 48 young (49152K), 9 survivors (9216K)
 Metaspace       used 47745K, capacity 49070K, committed 49328K, reserved 1091584K
  class space    used 6105K, capacity 6638K, committed 6656K, reserved 1048576K
Heap Regions: E=young(eden), S=young(survivor), O=old, HS=humongous(starts), HC=humongous(continues), CS=collection set, F=free, A=archive, TAMS=top-at-mark-start (previous, next)
|   0|0x0000000780000000, 0x0000000780100000, 0x0000000780100000|100%|HS|  |TAMS 0x0000000780100000, 0x0000000780000000| Complete 
|   1|0x0000000780100000, 0x0000000780200000, 0x0000000780200000|100%| O|  |TAMS 0x0000000780200000, 0x0000000780100000| Untracked 
|   2|0x0000000780200000, 0x0000000780300000, 0x0000000780300000|100%| O|  |TAMS 0x0000000780300000, 0x0000000780200000| Untracked 
|   3|0x0000000780300000, 0x0000000780400000, 0x0000000780400000|100%| O|  |TAMS 0x0000000780400000, 0x0000000780300000| Untracked 
|   4|0x0000000780400000, 0x0000000780500000, 0x0000000780500000|100%| O|  |TAMS 0x0000000780500000, 0x0000000780400000| Untracked 
|   5|0x0000000780500000, 0x0000000780600000, 0x0000000780600000|100%| O|  |TAMS 0x0000000780600000, 0x0000000780500000| Untracked 
|   6|0x0000000780600000, 0x0000000780700000, 0x0000000780700000|100%| O|  |TAMS 0x0000000780700000, 0x0000000780600000| Untracked 
|   7|0x0000000780700000, 0x0000000780800000, 0x0000000780800000|100%| O|  |TAMS 0x0000000780800000, 0x0000000780700000| Untracked 
|   8|0x0000000780800000, 0x00000007808e8800, 0x0000000780900000| 90%| O|  |TAMS 0x000000078084ba00, 0x0000000780800000| Untracked 
|   9|0x0000000780900000, 0x0000000780900000, 0x0000000780a00000|  0%| F|  |TAMS 0x0000000780900000, 0x0000000780900000| Untracked 
|  10|0x0000000780a00000, 0x0000000780a00000, 0x0000000780b00000|  0%| F|  |TAMS 0x0000000780a00000, 0x0000000780a00000| Untracked 
|  11|0x0000000780b00000, 0x0000000780b00000, 0x0000000780c00000|  0%| F|  |TAMS 0x0000000780b00000, 0x0000000780b00000| Untracked 
|  12|0x0000000780c00000, 0x0000000780c00000, 0x0000000780d00000|  0%| F|  |TAMS 0x0000000780c00000, 0x0000000780c00000| Untracked 
|  13|0x0000000780d00000, 0x0000000780d00000, 0x0000000780e00000|  0%| F|  |TAMS 0x0000000780d00000, 0x0000000780d00000| Untracked 
|  14|0x0000000780e00000, 0x0000000780e00000, 0x0000000780f00000|  0%| F|  |TAMS 0x0000000780e00000, 0x0000000780e00000| Untracked 
|  15|0x0000000780f00000, 0x0000000780f00000, 0x0000000781000000|  0%| F|  |TAMS 0x0000000780f00000, 0x0000000780f00000| Untracked 
|  16|0x0000000781000000, 0x0000000781000000, 0x0000000781100000|  0%| F|  |TAMS 0x0000000781000000, 0x0000000781000000| Untracked 
|  17|0x0000000781100000, 0x0000000781100000, 0x0000000781200000|  0%| F|  |TAMS 0x0000000781100000, 0x0000000781100000| Untracked 
|  18|0x0000000781200000, 0x0000000781200000, 0x0000000781300000|  0%| F|  |TAMS 0x0000000781200000, 0x0000000781200000| Untracked 
|  19|0x0000000781300000, 0x0000000781300000, 0x0000000781400000|  0%| F|  |TAMS 0x0000000781300000, 0x0000000781300000| Untracked 
|  20|0x0000000781400000, 0x0000000781400000, 0x0000000781500000|  0%| F|  |TAMS 0x0000000781400000, 0x0000000781400000| Untracked 
|  21|0x0000000781500000, 0x0000000781500000, 0x0000000781600000|  0%| F|  |TAMS 0x0000000781500000, 0x0000000781500000| Untracked 
|  22|0x0000000781600000, 0x0000000781600000, 0x0000000781700000|  0%| F|  |TAMS 0x0000000781600000, 0x0000000781600000| Untracked 
|  23|0x0000000781700000, 0x0000000781700000, 0x0000000781800000|  0%| F|  |TAMS 0x0000000781700000, 0x0000000781700000| Untracked 
|  24|0x0000000781800000, 0x0000000781800000, 0x0000000781900000|  0%| F|  |TAMS 0x0000000781800000, 0x0000000781800000| Untracked 
|  25|0x0000000781900000, 0x0000000781900000, 0x0000000781a00000|  0%| F|  |TAMS 0x0000000781900000, 0x0000000781900000| Untracked 
|  26|0x0000000781a00000, 0x0000000781a00000, 0x0000000781b00000|  0%| F|  |TAMS 0x0000000781a00000, 0x0000000781a00000| Untracked 
|  27|0x0000000781b00000, 0x0000000781b00000, 0x0000000781c00000|  0%| F|  |TAMS 0x0000000781b00000, 0x0000000781b00000| Untracked 
|  28|0x0000000781c00000, 0x0000000781c00000, 0x0000000781d00000|  0%| F|  |TAMS 0x0000000781c00000, 0x0000000781c00000| Untracked 
|  29|0x0000000781d00000, 0x0000000781d00000, 0x0000000781e00000|  0%| F|  |TAMS 0x0000000781d00000, 0x0000000781d00000| Untracked 
|  30|0x0000000781e00000, 0x0000000781e00000, 0x0000000781f00000|  0%| F|  |TAMS 0x0000000781e00000, 0x0000000781e00000| Untracked 
|  31|0x0000000781f00000, 0x0000000781f00000, 0x0000000782000000|  0%| F|  |TAMS 0x0000000781f00000, 0x0000000781f00000| Untracked 
|  32|0x0000000782000000, 0x0000000782000000, 0x0000000782100000|  0%| F|  |TAMS 0x0000000782000000, 0x0000000782000000| Untracked 
|  33|0x0000000782100000, 0x0000000782100000, 0x0000000782200000|  0%| F|  |TAMS 0x0000000782100000, 0x0000000782100000| Untracked 
|  34|0x0000000782200000, 0x0000000782200000, 0x0000000782300000|  0%| F|  |TAMS 0x0000000782200000, 0x0000000782200000| Untracked 
|  35|0x0000000782300000, 0x0000000782300000, 0x0000000782400000|  0%| F|  |TAMS 0x0000000782300000, 0x0000000782300000| Untracked 
|  36|0x0000000782400000, 0x0000000782400000, 0x0000000782500000|  0%| F|  |TAMS 0x0000000782400000, 0x0000000782400000| Untracked 
|  37|0x0000000782500000, 0x0000000782500000, 0x0000000782600000|  0%| F|  |TAMS 0x0000000782500000, 0x0000000782500000| Untracked 
|  38|0x0000000782600000, 0x0000000782600000, 0x0000000782700000|  0%| F|  |TAMS 0x0000000782600000, 0x0000000782600000| Untracked 
|  39|0x0000000782700000, 0x0000000782700000, 0x0000000782800000|  0%| F|  |TAMS 0x0000000782700000, 0x0000000782700000| Untracked 
|  40|0x0000000782800000, 0x0000000782800000, 0x0000000782900000|  0%| F|  |TAMS 0x0000000782800000, 0x0000000782800000| Untracked 
|  41|0x0000000782900000, 0x0000000782900000, 0x0000000782a00000|  0%| F|  |TAMS 0x0000000782900000, 0x0000000782900000| Untracked 
|  42|0x0000000782a00000, 0x0000000782a00000, 0x0000000782b00000|  0%| F|  |TAMS 0x0000000782a00000, 0x0000000782a00000| Untracked 
|  43|0x0000000782b00000, 0x0000000782b00000, 0x0000000782c00000|  0%| F|  |TAMS 0x0000000782b00000, 0x0000000782b00000| Untracked 
|  44|0x0000000782c00000, 0x0000000782c00000, 0x0000000782d00000|  0%| F|  |TAMS 0x0000000782c00000, 0x0000000782c00000| Untracked 
|  45|0x0000000782d00000, 0x0000000782d00000, 0x0000000782e00000|  0%| F|  |TAMS 0x0000000782d00000, 0x0000000782d00000| Untracked 
|  46|0x0000000782e00000, 0x0000000782e00000, 0x0000000782f00000|  0%| F|  |TAMS 0x0000000782e00000, 0x0000000782e00000| Untracked 
|  47|0x0000000782f00000, 0x0000000782f00000, 0x0000000783000000|  0%| F|  |TAMS 0x0000000782f00000, 0x0000000782f00000| Untracked 
|  48|0x0000000783000000, 0x0000000783000000, 0x0000000783100000|  0%| F|  |TAMS 0x0000000783000000, 0x0000000783000000| Untracked 
|  49|0x0000000783100000, 0x0000000783100000, 0x0000000783200000|  0%| F|  |TAMS 0x0000000783100000, 0x0000000783100000| Untracked 
|  50|0x0000000783200000, 0x0000000783200000, 0x0000000783300000|  0%| F|  |TAMS 0x0000000783200000, 0x0000000783200000| Untracked 
|  51|0x0000000783300000, 0x0000000783300000, 0x0000000783400000|  0%| F|  |TAMS 0x0000000783300000, 0x0000000783300000| Untracked 
|  52|0x0000000783400000, 0x0000000783400000, 0x0000000783500000|  0%| F|  |TAMS 0x0000000783400000, 0x0000000783400000| Untracked 
|  53|0x0000000783500000, 0x00000007835c6880, 0x0000000783600000| 77%| S|CS|TAMS 0x0000000783500000, 0x0000000783500000| Complete 
|  54|0x0000000783600000, 0x0000000783700000, 0x0000000783700000|100%| S|CS|TAMS 0x0000000783600000, 0x0000000783600000| Complete 
|  55|0x0000000783700000, 0x0000000783800000, 0x0000000783800000|100%| S|CS|TAMS 0x0000000783700000, 0x0000000783700000| Complete 
|  56|0x0000000783800000, 0x0000000783900000, 0x0000000783900000|100%| S|CS|TAMS 0x0000000783800000, 0x0000000783800000| Complete 
|  57|0x0000000783900000, 0x0000000783a00000, 0x0000000783a00000|100%| S|CS|TAMS 0x0000000783900000, 0x0000000783900000| Complete 
|  58|0x0000000783a00000, 0x0000000783b00000, 0x0000000783b00000|100%| S|CS|TAMS 0x0000000783a00000, 0x0000000783a00000| Complete 
|  59|0x0000000783b00000, 0x0000000783c00000, 0x0000000783c00000|100%| S|CS|TAMS 0x0000000783b00000, 0x0000000783b00000| Complete 
|  60|0x0000000783c00000, 0x0000000783d00000, 0x0000000783d00000|100%| S|CS|TAMS 0x0000000783c00000, 0x0000000783c00000| Complete 
|  61|0x0000000783d00000, 0x0000000783e00000, 0x0000000783e00000|100%| S|CS|TAMS 0x0000000783d00000, 0x0000000783d00000| Complete 
|  62|0x0000000783e00000, 0x0000000783e00000, 0x0000000783f00000|  0%| F|  |TAMS 0x0000000783e00000, 0x0000000783e00000| Untracked 
|  63|0x0000000783f00000, 0x0000000783f00000, 0x0000000784000000|  0%| F|  |TAMS 0x0000000783f00000, 0x0000000783f00000| Untracked 
|  64|0x0000000784000000, 0x0000000784000000, 0x0000000784100000|  0%| F|  |TAMS 0x0000000784000000, 0x0000000784000000| Untracked 
|  65|0x0000000784100000, 0x0000000784100000, 0x0000000784200000|  0%| F|  |TAMS 0x0000000784100000, 0x0000000784100000| Untracked 
|  66|0x0000000784200000, 0x0000000784200000, 0x0000000784300000|  0%| F|  |TAMS 0x0000000784200000, 0x0000000784200000| Untracked 
|  67|0x0000000784300000, 0x0000000784300000, 0x0000000784400000|  0%| F|  |TAMS 0x0000000784300000, 0x0000000784300000| Untracked 
|  68|0x0000000784400000, 0x0000000784400000, 0x0000000784500000|  0%| F|  |TAMS 0x0000000784400000, 0x0000000784400000| Untracked 
|  69|0x0000000784500000, 0x0000000784500000, 0x0000000784600000|  0%| F|  |TAMS 0x0000000784500000, 0x0000000784500000| Untracked 
|  70|0x0000000784600000, 0x0000000784600000, 0x0000000784700000|  0%| F|  |TAMS 0x0000000784600000, 0x0000000784600000| Untracked 
|  71|0x0000000784700000, 0x0000000784700000, 0x0000000784800000|  0%| F|  |TAMS 0x0000000784700000, 0x0000000784700000| Untracked 
|  72|0x0000000784800000, 0x0000000784800000, 0x0000000784900000|  0%| F|  |TAMS 0x0000000784800000, 0x0000000784800000| Untracked 
|  73|0x0000000784900000, 0x0000000784900000, 0x0000000784a00000|  0%| F|  |TAMS 0x0000000784900000, 0x0000000784900000| Untracked 
|  74|0x0000000784a00000, 0x0000000784a00000, 0x0000000784b00000|  0%| F|  |TAMS 0x0000000784a00000, 0x0000000784a00000| Untracked 
|  75|0x0000000784b00000, 0x0000000784b00000, 0x0000000784c00000|  0%| F|  |TAMS 0x0000000784b00000, 0x0000000784b00000| Untracked 
|  76|0x0000000784c00000, 0x0000000784c00000, 0x0000000784d00000|  0%| F|  |TAMS 0x0000000784c00000, 0x0000000784c00000| Untracked 
|  77|0x0000000784d00000, 0x0000000784d00000, 0x0000000784e00000|  0%| F|  |TAMS 0x0000000784d00000, 0x0000000784d00000| Untracked 
|  78|0x0000000784e00000, 0x0000000784e00000, 0x0000000784f00000|  0%| F|  |TAMS 0x0000000784e00000, 0x0000000784e00000| Untracked 
|  79|0x0000000784f00000, 0x0000000784f00000, 0x0000000785000000|  0%| F|  |TAMS 0x0000000784f00000, 0x0000000784f00000| Untracked 
|  80|0x0000000785000000, 0x0000000785000000, 0x0000000785100000|  0%| F|  |TAMS 0x0000000785000000, 0x0000000785000000| Untracked 
|  81|0x0000000785100000, 0x0000000785100000, 0x0000000785200000|  0%| F|  |TAMS 0x0000000785100000, 0x0000000785100000| Untracked 
|  82|0x0000000785200000, 0x0000000785200000, 0x0000000785300000|  0%| F|  |TAMS 0x0000000785200000, 0x0000000785200000| Untracked 
|  83|0x0000000785300000, 0x0000000785300000, 0x0000000785400000|  0%| F|  |TAMS 0x0000000785300000, 0x0000000785300000| Untracked 
|  84|0x0000000785400000, 0x0000000785400000, 0x0000000785500000|  0%| F|  |TAMS 0x0000000785400000, 0x0000000785400000| Untracked 
|  85|0x0000000785500000, 0x0000000785500000, 0x0000000785600000|  0%| F|  |TAMS 0x0000000785500000, 0x0000000785500000| Untracked 
|  86|0x0000000785600000, 0x0000000785600000, 0x0000000785700000|  0%| F|  |TAMS 0x0000000785600000, 0x0000000785600000| Untracked 
|  87|0x0000000785700000, 0x0000000785700000, 0x0000000785800000|  0%| F|  |TAMS 0x0000000785700000, 0x0000000785700000| Untracked 
|  88|0x0000000785800000, 0x0000000785800000, 0x0000000785900000|  0%| F|  |TAMS 0x0000000785800000, 0x0000000785800000| Untracked 
|  89|0x0000000785900000, 0x0000000785900000, 0x0000000785a00000|  0%| F|  |TAMS 0x0000000785900000, 0x0000000785900000| Untracked 
|  90|0x0000000785a00000, 0x0000000785a00000, 0x0000000785b00000|  0%| F|  |TAMS 0x0000000785a00000, 0x0000000785a00000| Untracked 
|  91|0x0000000785b00000, 0x0000000785b00000, 0x0000000785c00000|  0%| F|  |TAMS 0x0000000785b00000, 0x0000000785b00000| Untracked 
|  92|0x0000000785c00000, 0x0000000785c00000, 0x0000000785d00000|  0%| F|  |TAMS 0x0000000785c00000, 0x0000000785c00000| Untracked 
|  93|0x0000000785d00000, 0x0000000785d00000, 0x0000000785e00000|  0%| F|  |TAMS 0x0000000785d00000, 0x0000000785d00000| Untracked 
|  94|0x0000000785e00000, 0x0000000785e00000, 0x0000000785f00000|  0%| F|  |TAMS 0x0000000785e00000, 0x0000000785e00000| Untracked 
|  95|0x0000000785f00000, 0x0000000785f00000, 0x0000000786000000|  0%| F|  |TAMS 0x0000000785f00000, 0x0000000785f00000| Untracked 
|  96|0x0000000786000000, 0x0000000786000000, 0x0000000786100000|  0%| F|  |TAMS 0x0000000786000000, 0x0000000786000000| Untracked 
|  97|0x0000000786100000, 0x0000000786100000, 0x0000000786200000|  0%| F|  |TAMS 0x0000000786100000, 0x0000000786100000| Untracked 
|  98|0x0000000786200000, 0x0000000786200000, 0x0000000786300000|  0%| F|  |TAMS 0x0000000786200000, 0x0000000786200000| Untracked 
|  99|0x0000000786300000, 0x0000000786300000, 0x0000000786400000|  0%| F|  |TAMS 0x0000000786300000, 0x0000000786300000| Untracked 
| 100|0x0000000786400000, 0x0000000786400000, 0x0000000786500000|  0%| F|  |TAMS 0x0000000786400000, 0x0000000786400000| Untracked 
| 101|0x0000000786500000, 0x0000000786500000, 0x0000000786600000|  0%| F|  |TAMS 0x0000000786500000, 0x0000000786500000| Untracked 
| 102|0x0000000786600000, 0x0000000786600000, 0x0000000786700000|  0%| F|  |TAMS 0x0000000786600000, 0x0000000786600000| Untracked 
| 103|0x0000000786700000, 0x0000000786700000, 0x0000000786800000|  0%| F|  |TAMS 0x0000000786700000, 0x0000000786700000| Untracked 
| 104|0x0000000786800000, 0x0000000786800000, 0x0000000786900000|  0%| F|  |TAMS 0x0000000786800000, 0x0000000786800000| Untracked 
| 105|0x0000000786900000, 0x0000000786900000, 0x0000000786a00000|  0%| F|  |TAMS 0x0000000786900000, 0x0000000786900000| Untracked 
| 106|0x0000000786a00000, 0x0000000786a00000, 0x0000000786b00000|  0%| F|  |TAMS 0x0000000786a00000, 0x0000000786a00000| Untracked 
| 107|0x0000000786b00000, 0x0000000786b00000, 0x0000000786c00000|  0%| F|  |TAMS 0x0000000786b00000, 0x0000000786b00000| Untracked 
| 108|0x0000000786c00000, 0x0000000786c00000, 0x0000000786d00000|  0%| F|  |TAMS 0x0000000786c00000, 0x0000000786c00000| Untracked 
| 109|0x0000000786d00000, 0x0000000786d00000, 0x0000000786e00000|  0%| F|  |TAMS 0x0000000786d00000, 0x0000000786d00000| Untracked 
| 110|0x0000000786e00000, 0x0000000786e00000, 0x0000000786f00000|  0%| F|  |TAMS 0x0000000786e00000, 0x0000000786e00000| Untracked 
| 111|0x0000000786f00000, 0x0000000786f00000, 0x0000000787000000|  0%| F|  |TAMS 0x0000000786f00000, 0x0000000786f00000| Untracked 
| 112|0x0000000787000000, 0x0000000787000000, 0x0000000787100000|  0%| F|  |TAMS 0x0000000787000000, 0x0000000787000000| Untracked 
| 113|0x0000000787100000, 0x0000000787100000, 0x0000000787200000|  0%| F|  |TAMS 0x0000000787100000, 0x0000000787100000| Untracked 
| 114|0x0000000787200000, 0x0000000787200000, 0x0000000787300000|  0%| F|  |TAMS 0x0000000787200000, 0x0000000787200000| Untracked 
| 115|0x0000000787300000, 0x0000000787400000, 0x0000000787400000|100%| E|  |TAMS 0x0000000787300000, 0x0000000787300000| Complete 
| 116|0x0000000787400000, 0x0000000787500000, 0x0000000787500000|100%| E|CS|TAMS 0x0000000787400000, 0x0000000787400000| Complete 
| 117|0x0000000787500000, 0x0000000787600000, 0x0000000787600000|100%| E|CS|TAMS 0x0000000787500000, 0x0000000787500000| Complete 
| 118|0x0000000787600000, 0x0000000787700000, 0x0000000787700000|100%| E|CS|TAMS 0x0000000787600000, 0x0000000787600000| Complete 
| 119|0x0000000787700000, 0x0000000787800000, 0x0000000787800000|100%| E|CS|TAMS 0x0000000787700000, 0x0000000787700000| Complete 
| 120|0x0000000787800000, 0x0000000787900000, 0x0000000787900000|100%| E|CS|TAMS 0x0000000787800000, 0x0000000787800000| Complete 
| 121|0x0000000787900000, 0x0000000787a00000, 0x0000000787a00000|100%| E|CS|TAMS 0x0000000787900000, 0x0000000787900000| Complete 
| 122|0x0000000787a00000, 0x0000000787b00000, 0x0000000787b00000|100%| E|CS|TAMS 0x0000000787a00000, 0x0000000787a00000| Complete 
| 123|0x0000000787b00000, 0x0000000787c00000, 0x0000000787c00000|100%| E|CS|TAMS 0x0000000787b00000, 0x0000000787b00000| Complete 
| 124|0x0000000787c00000, 0x0000000787d00000, 0x0000000787d00000|100%| E|CS|TAMS 0x0000000787c00000, 0x0000000787c00000| Complete 
| 125|0x0000000787d00000, 0x0000000787e00000, 0x0000000787e00000|100%| E|CS|TAMS 0x0000000787d00000, 0x0000000787d00000| Complete 
| 126|0x0000000787e00000, 0x0000000787f00000, 0x0000000787f00000|100%| E|CS|TAMS 0x0000000787e00000, 0x0000000787e00000| Complete 
| 127|0x0000000787f00000, 0x0000000788000000, 0x0000000788000000|100%| E|CS|TAMS 0x0000000787f00000, 0x0000000787f00000| Complete 
| 128|0x0000000788000000, 0x0000000788100000, 0x0000000788100000|100%| E|CS|TAMS 0x0000000788000000, 0x0000000788000000| Complete 
| 129|0x0000000788100000, 0x0000000788200000, 0x0000000788200000|100%| E|CS|TAMS 0x0000000788100000, 0x0000000788100000| Complete 
| 130|0x0000000788200000, 0x0000000788300000, 0x0000000788300000|100%| E|CS|TAMS 0x0000000788200000, 0x0000000788200000| Complete 
| 131|0x0000000788300000, 0x0000000788400000, 0x0000000788400000|100%| E|CS|TAMS 0x0000000788300000, 0x0000000788300000| Complete 
| 132|0x0000000788400000, 0x0000000788500000, 0x0000000788500000|100%| E|CS|TAMS 0x0000000788400000, 0x0000000788400000| Complete 
| 133|0x0000000788500000, 0x0000000788600000, 0x0000000788600000|100%| E|CS|TAMS 0x0000000788500000, 0x0000000788500000| Complete 
| 134|0x0000000788600000, 0x0000000788700000, 0x0000000788700000|100%| E|CS|TAMS 0x0000000788600000, 0x0000000788600000| Complete 
| 135|0x0000000788700000, 0x0000000788800000, 0x0000000788800000|100%| E|CS|TAMS 0x0000000788700000, 0x0000000788700000| Complete 
| 136|0x0000000788800000, 0x0000000788900000, 0x0000000788900000|100%| E|CS|TAMS 0x0000000788800000, 0x0000000788800000| Complete 
| 137|0x0000000788900000, 0x0000000788a00000, 0x0000000788a00000|100%| E|CS|TAMS 0x0000000788900000, 0x0000000788900000| Complete 
| 138|0x0000000788a00000, 0x0000000788b00000, 0x0000000788b00000|100%| E|CS|TAMS 0x0000000788a00000, 0x0000000788a00000| Complete 
| 139|0x0000000788b00000, 0x0000000788c00000, 0x0000000788c00000|100%| E|CS|TAMS 0x0000000788b00000, 0x0000000788b00000| Complete 
| 140|0x0000000788c00000, 0x0000000788d00000, 0x0000000788d00000|100%| E|CS|TAMS 0x0000000788c00000, 0x0000000788c00000| Complete 
| 141|0x0000000788d00000, 0x0000000788e00000, 0x0000000788e00000|100%| E|CS|TAMS 0x0000000788d00000, 0x0000000788d00000| Complete 
| 142|0x0000000788e00000, 0x0000000788f00000, 0x0000000788f00000|100%| E|CS|TAMS 0x0000000788e00000, 0x0000000788e00000| Complete 
| 143|0x0000000788f00000, 0x0000000789000000, 0x0000000789000000|100%| E|CS|TAMS 0x0000000788f00000, 0x0000000788f00000| Complete 
| 144|0x0000000789000000, 0x0000000789100000, 0x0000000789100000|100%| E|CS|TAMS 0x0000000789000000, 0x0000000789000000| Complete 
| 145|0x0000000789100000, 0x0000000789200000, 0x0000000789200000|100%| E|CS|TAMS 0x0000000789100000, 0x0000000789100000| Complete 
| 146|0x0000000789200000, 0x0000000789300000, 0x0000000789300000|100%| E|CS|TAMS 0x0000000789200000, 0x0000000789200000| Complete 
| 147|0x0000000789300000, 0x0000000789400000, 0x0000000789400000|100%| E|CS|TAMS 0x0000000789300000, 0x0000000789300000| Complete 
| 148|0x0000000789400000, 0x0000000789500000, 0x0000000789500000|100%| E|CS|TAMS 0x0000000789400000, 0x0000000789400000| Complete 
| 149|0x0000000789500000, 0x0000000789600000, 0x0000000789600000|100%| E|CS|TAMS 0x0000000789500000, 0x0000000789500000| Complete 
| 150|0x0000000789600000, 0x0000000789700000, 0x0000000789700000|100%| E|CS|TAMS 0x0000000789600000, 0x0000000789600000| Complete 
| 151|0x0000000789700000, 0x0000000789800000, 0x0000000789800000|100%| E|CS|TAMS 0x0000000789700000, 0x0000000789700000| Complete 
| 152|0x0000000789800000, 0x0000000789900000, 0x0000000789900000|100%| E|CS|TAMS 0x0000000789800000, 0x0000000789800000| Complete 
| 153|0x0000000789900000, 0x0000000789a00000, 0x0000000789a00000|100%| E|CS|TAMS 0x0000000789900000, 0x0000000789900000| Complete 

Card table byte_map: [0x000000012b30e000,0x000000012b70e000] _byte_map_base: 0x000000012770e000

Marking Bits (Prev, Next): (CMBitMap*) 0x00007fbd4e02aa18, (CMBitMap*) 0x00007fbd4e02aa50
 Prev Bits: [0x000000012bb0e000, 0x000000012db0e000)
 Next Bits: [0x000000012db0e000, 0x000000012fb0e000)

Polling page: 0x0000000104589000

Metaspace:

Usage:
  Non-class:     41.44 MB capacity,    40.67 MB ( 98%) used,   626.90 KB (  1%) free+waste,   159.88 KB ( <1%) overhead. 
      Class:      6.48 MB capacity,     5.96 MB ( 92%) used,   452.65 KB (  7%) free+waste,    78.31 KB (  1%) overhead. 
       Both:     47.92 MB capacity,    46.64 MB ( 97%) used,     1.05 MB (  2%) free+waste,   238.19 KB ( <1%) overhead. 

Virtual space:
  Non-class space:       42.00 MB reserved,      41.67 MB (>99%) committed 
      Class space:        1.00 GB reserved,       6.50 MB ( <1%) committed 
             Both:        1.04 GB reserved,      48.17 MB (  5%) committed 

Chunk freelists:
   Non-Class:  28.75 KB
       Class:  2.12 KB
        Both:  30.88 KB

CodeHeap 'non-profiled nmethods': size=238384Kb used=7469Kb max_used=7469Kb free=230915Kb
 bounds [0x000000011c642000, 0x000000011cd92000, 0x000000012af0e000]
CodeHeap 'non-nmethods': size=7376Kb used=1188Kb max_used=1188Kb free=6188Kb
 bounds [0x000000011bf0e000, 0x000000011c17e000, 0x000000011c642000]
 total_blobs=4514 nmethods=3950 adapters=491
 compilation: enabled
              stopped_count=0, restarted_count=0
 full_count=0

Compilation events (10 events):
Event: 6.130 Thread 0x00007fbd3d00b800 3945       1       java.security.Provider$Service::getProvider (5 bytes)
Event: 6.131 Thread 0x00007fbd3d00b800 nmethod 3945 0x000000011cd8bb90 code [0x000000011cd8bd20, 0x000000011cd8bdd0]
Event: 6.131 Thread 0x00007fbd3d00b800 3948       1       java.lang.Integer::formatUnsignedInt (44 bytes)
Event: 6.131 Thread 0x00007fbd3d00b800 nmethod 3948 0x000000011cd8be90 code [0x000000011cd8c040, 0x000000011cd8c150]
Event: 6.131 Thread 0x00007fbd3d00b800 3946       1       java.lang.Integer::toHexString (6 bytes)
Event: 6.131 Thread 0x00007fbd3d00b800 nmethod 3946 0x000000011cd8c310 code [0x000000011cd8c4a0, 0x000000011cd8c560]
Event: 6.131 Thread 0x00007fbd3d00b800 3947       1       java.lang.Integer::toUnsignedString0 (78 bytes)
Event: 6.132 Thread 0x00007fbd3d00b800 nmethod 3947 0x000000011cd8c610 code [0x000000011cd8c7c0, 0x000000011cd8ca50]
Event: 6.132 Thread 0x00007fbd3d00b800 3949       1       org.springframework.beans.PropertyEditorRegistrySupport::setConversionService (6 bytes)
Event: 6.133 Thread 0x00007fbd3d00b800 nmethod 3949 0x000000011cd8cc10 code [0x000000011cd8cda0, 0x000000011cd8ceb0]

GC Heap History (10 events):
Event: 2.619 GC heap before
{Heap before GC invocations=2 (full 0):
 garbage-first heap   total 131072K, used 26132K [0x0000000780000000, 0x0000000800000000)
  region size 1024K, 20 young (20480K), 2 survivors (2048K)
 Metaspace       used 20568K, capacity 21141K, committed 21296K, reserved 1069056K
  class space    used 2387K, capacity 2613K, committed 2688K, reserved 1048576K
}
Event: 2.625 GC heap after
{Heap after GC invocations=3 (full 0):
 garbage-first heap   total 131072K, used 9282K [0x0000000780000000, 0x0000000800000000)
  region size 1024K, 2 young (2048K), 2 survivors (2048K)
 Metaspace       used 20568K, capacity 21141K, committed 21296K, reserved 1069056K
  class space    used 2387K, capacity 2613K, committed 2688K, reserved 1048576K
}
Event: 3.315 GC heap before
{Heap before GC invocations=4 (full 0):
 garbage-first heap   total 131072K, used 66626K [0x0000000780000000, 0x0000000800000000)
  region size 1024K, 59 young (60416K), 2 survivors (2048K)
 Metaspace       used 26770K, capacity 27608K, committed 27952K, reserved 1073152K
  class space    used 3289K, capacity 3629K, committed 3712K, reserved 1048576K
}
Event: 3.327 GC heap after
{Heap after GC invocations=5 (full 0):
 garbage-first heap   total 131072K, used 11373K [0x0000000780000000, 0x0000000800000000)
  region size 1024K, 4 young (4096K), 4 survivors (4096K)
 Metaspace       used 26770K, capacity 27608K, committed 27952K, reserved 1073152K
  class space    used 3289K, capacity 3629K, committed 3712K, reserved 1048576K
}
Event: 4.161 GC heap before
{Heap before GC invocations=5 (full 0):
 garbage-first heap   total 131072K, used 76909K [0x0000000780000000, 0x0000000800000000)
  region size 1024K, 69 young (70656K), 4 survivors (4096K)
 Metaspace       used 29834K, capacity 30810K, committed 31024K, reserved 1077248K
  class space    used 3737K, capacity 4144K, committed 4224K, reserved 1048576K
}
Event: 4.171 GC heap after
{Heap after GC invocations=6 (full 0):
 garbage-first heap   total 131072K, used 12840K [0x0000000780000000, 0x0000000800000000)
  region size 1024K, 6 young (6144K), 6 survivors (6144K)
 Metaspace       used 29834K, capacity 30810K, committed 31024K, reserved 1077248K
  class space    used 3737K, capacity 4144K, committed 4224K, reserved 1048576K
}
Event: 4.885 GC heap before
{Heap before GC invocations=6 (full 0):
 garbage-first heap   total 131072K, used 54824K [0x0000000780000000, 0x0000000800000000)
  region size 1024K, 48 young (49152K), 6 survivors (6144K)
 Metaspace       used 34507K, capacity 35693K, committed 35888K, reserved 1081344K
  class space    used 4420K, capacity 4891K, committed 4992K, reserved 1048576K
}
Event: 4.899 GC heap after
{Heap after GC invocations=7 (full 0):
 garbage-first heap   total 157696K, used 15588K [0x0000000780000000, 0x0000000800000000)
  region size 1024K, 7 young (7168K), 7 survivors (7168K)
 Metaspace       used 34507K, capacity 35693K, committed 35888K, reserved 1081344K
  class space    used 4420K, capacity 4891K, committed 4992K, reserved 1048576K
}
Event: 5.513 GC heap before
{Heap before GC invocations=8 (full 0):
 garbage-first heap   total 157696K, used 101604K [0x0000000780000000, 0x0000000800000000)
  region size 1024K, 92 young (94208K), 7 survivors (7168K)
 Metaspace       used 41612K, capacity 42920K, committed 43440K, reserved 1087488K
  class space    used 5246K, capacity 5785K, committed 5888K, reserved 1048576K
}
Event: 5.531 GC heap after
{Heap after GC invocations=9 (full 0):
 garbage-first heap   total 157696K, used 18108K [0x0000000780000000, 0x0000000800000000)
  region size 1024K, 9 young (9216K), 9 survivors (9216K)
 Metaspace       used 41612K, capacity 42920K, committed 43440K, reserved 1087488K
  class space    used 5246K, capacity 5785K, committed 5888K, reserved 1048576K
}

Deoptimization events (0 events):
No events

Classes redefined (0 events):
No events

Internal exceptions (10 events):
Event: 5.965 Thread 0x00007fbd4d024800 Exception <a 'java/lang/ClassNotFoundException'{0x0000000787daca68}: org/springframework/web/context/ServletContextAwareCustomizer> (0x0000000787daca68) thrown at [./open/src/hotspot/share/classfile/systemDictionary.cpp, line 228]
Event: 5.965 Thread 0x00007fbd4d024800 Exception <a 'java/lang/ClassNotFoundException'{0x0000000787dbc490}: org/springframework/beans/factory/AwareCustomizer> (0x0000000787dbc490) thrown at [./open/src/hotspot/share/classfile/systemDictionary.cpp, line 228]
Event: 6.028 Thread 0x00007fbd4d024800 Exception <a 'java/lang/ClassNotFoundException'{0x0000000787b54140}: java/lang/ObjectCustomizer> (0x0000000787b54140) thrown at [./open/src/hotspot/share/classfile/systemDictionary.cpp, line 228]
Event: 6.034 Thread 0x00007fbd4d024800 Exception <a 'java/lang/ClassNotFoundException'{0x0000000787b6d788}: org/springframework/security/config/annotation/authentication/configuration/AuthenticationConfigurationCustomizer> (0x0000000787b6d788) thrown at [./open/src/hotspot/share/classfile/syst
Event: 6.066 Thread 0x00007fbd4d024800 Exception <a 'java/lang/ClassNotFoundException'{0x00000007879043f0}: java/lang/ObjectCustomizer> (0x00000007879043f0) thrown at [./open/src/hotspot/share/classfile/systemDictionary.cpp, line 228]
Event: 6.067 Thread 0x00007fbd4d024800 Exception <a 'java/lang/ClassNotFoundException'{0x000000078791c4e8}: org/springframework/security/config/annotation/web/configuration/WebSecurityConfigurationCustomizer> (0x000000078791c4e8) thrown at [./open/src/hotspot/share/classfile/systemDictionary.c
Event: 6.069 Thread 0x00007fbd4d024800 Exception <a 'java/lang/ClassNotFoundException'{0x00000007879370a0}: org/springframework/context/annotation/ImportAwareCustomizer> (0x00000007879370a0) thrown at [./open/src/hotspot/share/classfile/systemDictionary.cpp, line 228]
Event: 6.069 Thread 0x00007fbd4d024800 Exception <a 'java/lang/ClassNotFoundException'{0x00000007879466a8}: org/springframework/beans/factory/AwareCustomizer> (0x00000007879466a8) thrown at [./open/src/hotspot/share/classfile/systemDictionary.cpp, line 228]
Event: 6.069 Thread 0x00007fbd4d024800 Exception <a 'java/lang/ClassNotFoundException'{0x0000000787956b90}: org/springframework/beans/factory/BeanClassLoaderAwareCustomizer> (0x0000000787956b90) thrown at [./open/src/hotspot/share/classfile/systemDictionary.cpp, line 228]
Event: 6.069 Thread 0x00007fbd4d024800 Exception <a 'java/lang/ClassNotFoundException'{0x00000007879661a8}: org/springframework/beans/factory/AwareCustomizer> (0x00000007879661a8) thrown at [./open/src/hotspot/share/classfile/systemDictionary.cpp, line 228]

Events (10 events):
Event: 6.137 loading class org/springframework/security/web/authentication/rememberme/RememberMeAuthenticationFilter
Event: 6.137 loading class org/springframework/security/web/authentication/rememberme/RememberMeAuthenticationFilter done
Event: 6.138 loading class org/springframework/security/web/authentication/AnonymousAuthenticationFilter
Event: 6.138 loading class org/springframework/security/web/authentication/AnonymousAuthenticationFilter done
Event: 6.138 loading class org/springframework/security/web/session/SessionManagementFilter
Event: 6.138 loading class org/springframework/security/web/session/SessionManagementFilter done
Event: 6.138 loading class org/springframework/security/web/access/ExceptionTranslationFilter
Event: 6.138 loading class org/springframework/security/web/access/ExceptionTranslationFilter done
Event: 6.138 loading class org/springframework/security/web/authentication/switchuser/SwitchUserFilter
Event: 6.138 loading class org/springframework/security/web/authentication/switchuser/SwitchUserFilter done


Dynamic libraries:
0x00007ffdfff33000 	/Library/Apple/usr/libexec/oah/runtime
0x00007fff35282000 	/System/Library/Frameworks/Cocoa.framework/Versions/A/Cocoa
0x00007fff22141000 	/System/Library/Frameworks/Security.framework/Versions/A/Security
0x00007fff33481000 	/System/Library/Frameworks/ApplicationServices.framework/Versions/A/ApplicationServices
0x00007fff2a5e4000 	/usr/lib/libz.1.dylib
0x000000010c82d000 	/Library/Java/JavaVirtualMachines/jdk-11.0.10.jdk/Contents/Home/lib/jli/libjli.dylib
0x00007fff2a6b0000 	/usr/lib/libSystem.B.dylib
0x00007fff22b67000 	/System/Library/Frameworks/AppKit.framework/Versions/C/AppKit
0x00007fff25a23000 	/System/Library/Frameworks/CoreData.framework/Versions/A/CoreData
0x00007fff210b6000 	/System/Library/Frameworks/Foundation.framework/Versions/C/Foundation
0x00007fff238ca000 	/System/Library/PrivateFrameworks/UIFoundation.framework/Versions/A/UIFoundation
0x00007fff2fe65000 	/System/Library/PrivateFrameworks/RemoteViewServices.framework/Versions/A/RemoteViewServices
0x00007fff28c01000 	/System/Library/PrivateFrameworks/XCTTargetBootstrap.framework/Versions/A/XCTTargetBootstrap
0x00007fff2b94d000 	/usr/lib/libspindump.dylib
0x00007fff23b1e000 	/System/Library/Frameworks/UniformTypeIdentifiers.framework/Versions/A/UniformTypeIdentifiers
0x00007fff273d8000 	/usr/lib/libapp_launch_measurement.dylib
0x00007fff273db000 	/System/Library/PrivateFrameworks/CoreAutoLayout.framework/Versions/A/CoreAutoLayout
0x00007fff28563000 	/System/Library/Frameworks/Metal.framework/Versions/A/Metal
0x00007fff29256000 	/usr/lib/liblangid.dylib
0x00007fff28c05000 	/System/Library/PrivateFrameworks/CoreSVG.framework/Versions/A/CoreSVG
0x00007fff24b05000 	/System/Library/PrivateFrameworks/SkyLight.framework/Versions/A/SkyLight
0x00007fff24e6b000 	/System/Library/Frameworks/CoreGraphics.framework/Versions/A/CoreGraphics
0x00007fff304bc000 	/System/Library/Frameworks/Accelerate.framework/Versions/A/Accelerate
0x00007fff2b388000 	/System/Library/PrivateFrameworks/IconServices.framework/Versions/A/IconServices
0x00007fff28548000 	/System/Library/Frameworks/IOSurface.framework/Versions/A/IOSurface
0x00007fff263b5000 	/usr/lib/libDiagnosticMessagesClient.dylib
0x00007fff28bed000 	/System/Library/PrivateFrameworks/DFRFoundation.framework/Versions/A/DFRFoundation
0x00007fff22493000 	/usr/lib/libicucore.A.dylib
0x00007fff2ce8d000 	/System/Library/Frameworks/AudioToolbox.framework/Versions/A/AudioToolbox
0x00007fff2c133000 	/System/Library/PrivateFrameworks/DataDetectorsCore.framework/Versions/A/DataDetectorsCore
0x00007fff288ed000 	/System/Library/Frameworks/Carbon.framework/Versions/A/Frameworks/HIToolbox.framework/Versions/A/HIToolbox
0x00007fff26e30000 	/System/Library/Frameworks/QuartzCore.framework/Versions/A/QuartzCore
0x00007fff2fea1000 	/System/Library/Frameworks/Carbon.framework/Versions/A/Frameworks/SpeechRecognition.framework/Versions/A/SpeechRecognition
0x00007fff27140000 	/System/Library/PrivateFrameworks/CoreUI.framework/Versions/A/CoreUI
0x00007fff21a9d000 	/System/Library/Frameworks/CoreAudio.framework/Versions/A/CoreAudio
0x00007fff264a0000 	/System/Library/Frameworks/DiskArbitration.framework/Versions/A/DiskArbitration
0x00007fff2bd47000 	/System/Library/PrivateFrameworks/MultitouchSupport.framework/Versions/A/MultitouchSupport
0x00007fff2c12a000 	/System/Library/PrivateFrameworks/InternationalSupport.framework/Versions/A/InternationalSupport
0x00007fff24a79000 	/usr/lib/libenergytrace.dylib
0x00007fff22a61000 	/System/Library/Frameworks/IOKit.framework/Versions/A/IOKit
0x00007fff301ee000 	/System/Library/Frameworks/CoreServices.framework/Versions/A/CoreServices
0x00007fff2736e000 	/System/Library/PrivateFrameworks/PerformanceAnalysis.framework/Versions/A/PerformanceAnalysis
0x00007fff6caf7000 	/System/Library/Frameworks/OpenGL.framework/Versions/A/OpenGL
0x00007fff2c1af000 	/System/Library/PrivateFrameworks/UserActivity.framework/Versions/A/UserActivity
0x00007fff201f3000 	/usr/lib/libobjc.A.dylib
0x00007fff25525000 	/System/Library/Frameworks/ColorSync.framework/Versions/A/ColorSync
0x00007fff203d4000 	/System/Library/Frameworks/CoreFoundation.framework/Versions/A/CoreFoundation
0x00007fff28e6d000 	/System/Library/Frameworks/CoreImage.framework/Versions/A/CoreImage
0x00007fff218b4000 	/System/Library/Frameworks/CoreText.framework/Versions/A/CoreText
0x00007fff28c2f000 	/System/Library/Frameworks/ImageIO.framework/Versions/A/ImageIO
0x00007fff2a6b6000 	/System/Library/PrivateFrameworks/SoftLinking.framework/Versions/A/SoftLinking
0x00007fff27424000 	/usr/lib/libxml2.2.dylib
0x00007fff202b9000 	/usr/lib/libc++.1.dylib
0x00007fff2a928000 	/usr/lib/libcompression.dylib
0x00007fff24a7a000 	/usr/lib/libMobileGestalt.dylib
0x00007fff2c05d000 	/System/Library/PrivateFrameworks/TextureIO.framework/Versions/A/TextureIO
0x00007fff2b015000 	/usr/lib/libate.dylib
0x00007fff2a6aa000 	/usr/lib/system/libcache.dylib
0x00007fff2a666000 	/usr/lib/system/libcommonCrypto.dylib
0x00007fff2a690000 	/usr/lib/system/libcompiler_rt.dylib
0x00007fff2a685000 	/usr/lib/system/libcopyfile.dylib
0x00007fff200e2000 	/usr/lib/system/libcorecrypto.dylib
0x00007fff201ae000 	/usr/lib/system/libdispatch.dylib
0x00007fff20363000 	/usr/lib/system/libdyld.dylib
0x00007fff2a6a1000 	/usr/lib/system/libkeymgr.dylib
0x00007fff2dc3f000 	/usr/lib/system/liblaunch.dylib
0x00007fff2a644000 	/usr/lib/system/libmacho.dylib
0x00007fff29e5a000 	/usr/lib/system/libquarantine.dylib
0x00007fff2a69e000 	/usr/lib/system/libremovefile.dylib
0x00007fff24ad6000 	/usr/lib/system/libsystem_asl.dylib
0x00007fff20092000 	/usr/lib/system/libsystem_blocks.dylib
0x00007fff20230000 	/usr/lib/system/libsystem_c.dylib
0x00007fff2a698000 	/usr/lib/system/libsystem_collections.dylib
0x00007fff29247000 	/usr/lib/system/libsystem_configuration.dylib
0x00007fff28537000 	/usr/lib/system/libsystem_containermanager.dylib
0x00007fff2a3dc000 	/usr/lib/system/libsystem_coreservices.dylib
0x00007fff226f5000 	/usr/lib/system/libsystem_darwin.dylib
0x00007fff2a6a2000 	/usr/lib/system/libsystem_dnssd.dylib
0x00007fff2022d000 	/usr/lib/system/libsystem_featureflags.dylib
0x00007fff203a8000 	/usr/lib/system/libsystem_info.dylib
0x00007fff2a5f7000 	/usr/lib/system/libsystem_m.dylib
0x00007fff20181000 	/usr/lib/system/libsystem_malloc.dylib
0x00007fff24a6a000 	/usr/lib/system/libsystem_networkextension.dylib
0x00007fff22b0f000 	/usr/lib/system/libsystem_notify.dylib
0x00007fff300ec000 	/usr/lib/system/libsystem_product_info_filter.dylib
0x00007fff2924b000 	/usr/lib/system/libsystem_sandbox.dylib
0x00007fff2a69b000 	/usr/lib/system/libsystem_secinit.dylib
0x00007fff20328000 	/usr/lib/system/libsystem_kernel.dylib
0x00007fff2039e000 	/usr/lib/system/libsystem_platform.dylib
0x00007fff20357000 	/usr/lib/system/libsystem_pthread.dylib
0x00007fff26203000 	/usr/lib/system/libsystem_symptoms.dylib
0x00007fff200ca000 	/usr/lib/system/libsystem_trace.dylib
0x00007fff2a672000 	/usr/lib/system/libunwind.dylib
0x00007fff20094000 	/usr/lib/system/libxpc.dylib
0x00007fff2030f000 	/usr/lib/libc++abi.dylib
0x00007fff2a67d000 	/usr/lib/liboah.dylib
0x00007fff2ad41000 	/usr/lib/liblzma.5.dylib
0x00007fff20dca000 	/System/Library/Frameworks/SystemConfiguration.framework/Versions/A/SystemConfiguration
0x00007fff2a6b2000 	/usr/lib/libfakelink.dylib
0x00007fff245cc000 	/System/Library/Frameworks/CFNetwork.framework/Versions/A/CFNetwork
0x00007fff2a7f2000 	/usr/lib/libarchive.2.dylib
0x00007fff20e48000 	/usr/lib/libCRFSuite.dylib
0x00007fff29e81000 	/usr/lib/libbsm.0.dylib
0x00007fff23f88000 	/usr/lib/libnetwork.dylib
0x00007fff2a6b7000 	/usr/lib/libpcap.A.dylib
0x00007fff261fc000 	/usr/lib/libdns_services.dylib
0x00007fff2ad5a000 	/usr/lib/libcoretls_cfhelpers.dylib
0x00007fff2a8f6000 	/usr/lib/libapple_nghttp2.dylib
0x00007fff2a64a000 	/usr/lib/system/libkxld.dylib
0x00007fff25e6a000 	/usr/lib/libsqlite3.dylib
0x00007fff2a3be000 	/System/Library/PrivateFrameworks/AppleFSCompression.framework/Versions/A/AppleFSCompression
0x00007fff29e69000 	/usr/lib/libcoretls.dylib
0x00007fff2a923000 	/usr/lib/libpam.2.dylib
0x00007fff2ae56000 	/usr/lib/libxar.1.dylib
0x00007fff29252000 	/System/Library/PrivateFrameworks/AppleSystemInfo.framework/Versions/A/AppleSystemInfo
0x00007fff29aac000 	/System/Library/PrivateFrameworks/IOMobileFramebuffer.framework/Versions/A/IOMobileFramebuffer
0x00007fff2a3ce000 	/usr/lib/libbz2.1.0.dylib
0x00007fff2a6ef000 	/usr/lib/libiconv.2.dylib
0x00007fff2a643000 	/usr/lib/libcharset.1.dylib
0x00007fff273aa000 	/System/Library/Frameworks/CoreServices.framework/Versions/A/Frameworks/FSEvents.framework/Versions/A/FSEvents
0x00007fff226ff000 	/System/Library/Frameworks/CoreServices.framework/Versions/A/Frameworks/CarbonCore.framework/Versions/A/CarbonCore
0x00007fff26405000 	/System/Library/Frameworks/CoreServices.framework/Versions/A/Frameworks/Metadata.framework/Versions/A/Metadata
0x00007fff2a3e1000 	/System/Library/Frameworks/CoreServices.framework/Versions/A/Frameworks/OSServices.framework/Versions/A/OSServices
0x00007fff2a864000 	/System/Library/Frameworks/CoreServices.framework/Versions/A/Frameworks/SearchKit.framework/Versions/A/SearchKit
0x00007fff26186000 	/System/Library/Frameworks/CoreServices.framework/Versions/A/Frameworks/AE.framework/Versions/A/AE
0x00007fff20870000 	/System/Library/Frameworks/CoreServices.framework/Versions/A/Frameworks/LaunchServices.framework/Versions/A/LaunchServices
0x00007fff2acf2000 	/System/Library/Frameworks/CoreServices.framework/Versions/A/Frameworks/DictionaryServices.framework/Versions/A/DictionaryServices
0x00007fff273b3000 	/System/Library/Frameworks/CoreServices.framework/Versions/A/Frameworks/SharedFileList.framework/Versions/A/SharedFileList
0x00007fff29e5d000 	/usr/lib/libCheckFix.dylib
0x00007fff24aed000 	/System/Library/PrivateFrameworks/TCC.framework/Versions/A/TCC
0x00007fff29258000 	/System/Library/PrivateFrameworks/CoreNLP.framework/Versions/A/CoreNLP
0x00007fff263b8000 	/System/Library/PrivateFrameworks/MetadataUtilities.framework/Versions/A/MetadataUtilities
0x00007fff20e7e000 	/usr/lib/libmecabra.dylib
0x00007fff2a171000 	/System/Library/Frameworks/MLCompute.framework/Versions/A/MLCompute
0x00007fff29e92000 	/usr/lib/libmecab.dylib
0x00007fff29edc000 	/usr/lib/libgermantok.dylib
0x00007fff2a8cc000 	/usr/lib/libThaiTokenizer.dylib
0x00007fff2ae91000 	/usr/lib/libChineseTokenizer.dylib
0x00007fff2a921000 	/System/Library/Frameworks/MetalPerformanceShaders.framework/Versions/A/MetalPerformanceShaders
0x00007fff264a7000 	/System/Library/Frameworks/Accelerate.framework/Versions/A/Frameworks/vImage.framework/Versions/A/vImage
0x00007fff301c7000 	/System/Library/Frameworks/Accelerate.framework/Versions/A/Frameworks/vecLib.framework/Versions/A/vecLib
0x00007fff2ae9c000 	/System/Library/Frameworks/Accelerate.framework/Versions/A/Frameworks/vecLib.framework/Versions/A/libvMisc.dylib
0x00007fff29908000 	/System/Library/Frameworks/Accelerate.framework/Versions/A/Frameworks/vecLib.framework/Versions/A/libvDSP.dylib
0x00007fff20b74000 	/System/Library/Frameworks/Accelerate.framework/Versions/A/Frameworks/vecLib.framework/Versions/A/libBLAS.dylib
0x00007fff2a947000 	/System/Library/Frameworks/Accelerate.framework/Versions/A/Frameworks/vecLib.framework/Versions/A/libLAPACK.dylib
0x00007fff29ee2000 	/System/Library/Frameworks/Accelerate.framework/Versions/A/Frameworks/vecLib.framework/Versions/A/libLinearAlgebra.dylib
0x00007fff2a90e000 	/System/Library/Frameworks/Accelerate.framework/Versions/A/Frameworks/vecLib.framework/Versions/A/libSparseBLAS.dylib
0x00007fff2a941000 	/System/Library/Frameworks/Accelerate.framework/Versions/A/Frameworks/vecLib.framework/Versions/A/libQuadrature.dylib
0x00007fff29300000 	/System/Library/Frameworks/Accelerate.framework/Versions/A/Frameworks/vecLib.framework/Versions/A/libBNNS.dylib
0x00007fff20d5b000 	/System/Library/Frameworks/Accelerate.framework/Versions/A/Frameworks/vecLib.framework/Versions/A/libSparse.dylib
0x00007fff291eb000 	/System/Library/Frameworks/MetalPerformanceShaders.framework/Versions/A/Frameworks/MPSCore.framework/Versions/A/MPSCore
0x00007fff2a32d000 	/System/Library/Frameworks/MetalPerformanceShaders.framework/Versions/A/Frameworks/MPSImage.framework/Versions/A/MPSImage
0x00007fff29ef9000 	/System/Library/Frameworks/MetalPerformanceShaders.framework/Versions/A/Frameworks/MPSNeuralNetwork.framework/Versions/A/MPSNeuralNetwork
0x00007fff2a2b8000 	/System/Library/Frameworks/MetalPerformanceShaders.framework/Versions/A/Frameworks/MPSMatrix.framework/Versions/A/MPSMatrix
0x00007fff2a121000 	/System/Library/Frameworks/MetalPerformanceShaders.framework/Versions/A/Frameworks/MPSRayIntersector.framework/Versions/A/MPSRayIntersector
0x00007fff2a2ef000 	/System/Library/Frameworks/MetalPerformanceShaders.framework/Versions/A/Frameworks/MPSNDArray.framework/Versions/A/MPSNDArray
0x00007fff20aa0000 	/System/Library/PrivateFrameworks/MetalTools.framework/Versions/A/MetalTools
0x00007fff29250000 	/System/Library/PrivateFrameworks/AggregateDictionary.framework/Versions/A/AggregateDictionary
0x00007fff26390000 	/System/Library/PrivateFrameworks/CoreAnalytics.framework/Versions/A/CoreAnalytics
0x00007fff2a8ce000 	/System/Library/PrivateFrameworks/AppleSauce.framework/Versions/A/AppleSauce
0x00007fff2855a000 	/System/Library/PrivateFrameworks/IOAccelerator.framework/Versions/A/IOAccelerator
0x00007fff6caeb000 	/System/Library/Frameworks/OpenGL.framework/Versions/A/Libraries/libCoreFSCache.dylib
0x00007fff2141a000 	/System/Library/PrivateFrameworks/LanguageModeling.framework/Versions/A/LanguageModeling
0x00007fff29a99000 	/System/Library/PrivateFrameworks/CoreEmoji.framework/Versions/A/CoreEmoji
0x00007fff292f9000 	/System/Library/PrivateFrameworks/LinguisticData.framework/Versions/A/LinguisticData
0x00007fff20d0d000 	/System/Library/PrivateFrameworks/Lexicon.framework/Versions/A/Lexicon
0x00007fff2a7e0000 	/usr/lib/libcmph.dylib
0x00007fff2738a000 	/System/Library/Frameworks/OpenDirectory.framework/Versions/A/Frameworks/CFOpenDirectory.framework/Versions/A/CFOpenDirectory
0x00007fff2737a000 	/System/Library/Frameworks/OpenDirectory.framework/Versions/A/OpenDirectory
0x00007fff2ad5c000 	/System/Library/PrivateFrameworks/APFS.framework/Versions/A/APFS
0x00007fff29dbe000 	/System/Library/Frameworks/SecurityFoundation.framework/Versions/A/SecurityFoundation
0x00007fff2ae64000 	/usr/lib/libutil.dylib
0x00007fff22a26000 	/System/Library/PrivateFrameworks/CoreServicesStore.framework/Versions/A/CoreServicesStore
0x00007fff29e55000 	/System/Library/Frameworks/ServiceManagement.framework/Versions/A/ServiceManagement
0x00007fff2ae68000 	/usr/lib/libxslt.1.dylib
0x00007fff29e4b000 	/System/Library/PrivateFrameworks/BackgroundTaskManagement.framework/Versions/A/BackgroundTaskManagement
0x00007fff2bfa8000 	/System/Library/Frameworks/ImageIO.framework/Versions/A/Resources/libRadiance.dylib
0x00007fff2bfb1000 	/System/Library/Frameworks/ImageIO.framework/Versions/A/Resources/libJPEG.dylib
0x00007fff2bf01000 	/System/Library/Frameworks/ImageIO.framework/Versions/A/Resources/libPng.dylib
0x00007fff2bf28000 	/System/Library/Frameworks/ImageIO.framework/Versions/A/Resources/libTIFF.dylib
0x00007fff2c006000 	/System/Library/Frameworks/ImageIO.framework/Versions/A/Resources/libGIF.dylib
0x00007fff2bc65000 	/System/Library/Frameworks/ImageIO.framework/Versions/A/Resources/libJP2.dylib
0x00007fff2b34f000 	/usr/lib/libexpat.1.dylib
0x00007fff2bc1a000 	/System/Library/PrivateFrameworks/AppleJPEG.framework/Versions/A/AppleJPEG
0x00007fff28790000 	/System/Library/PrivateFrameworks/FontServices.framework/libFontParser.dylib
0x00007fff2613a000 	/System/Library/PrivateFrameworks/RunningBoardServices.framework/Versions/A/RunningBoardServices
0x00007fff2bd43000 	/System/Library/PrivateFrameworks/WatchdogClient.framework/Versions/A/WatchdogClient
0x00007fff21507000 	/System/Library/Frameworks/CoreDisplay.framework/Versions/A/CoreDisplay
0x00007fff286a6000 	/System/Library/Frameworks/CoreMedia.framework/Versions/A/CoreMedia
0x00007fff27507000 	/System/Library/Frameworks/CoreVideo.framework/Versions/A/CoreVideo
0x00007fff2bd7b000 	/System/Library/Frameworks/VideoToolbox.framework/Versions/A/VideoToolbox
0x00007fff260b8000 	/System/Library/PrivateFrameworks/BaseBoard.framework/Versions/A/BaseBoard
0x00007fff2b494000 	/System/Library/PrivateFrameworks/PersistentConnection.framework/Versions/A/PersistentConnection
0x00007fff25e53000 	/System/Library/PrivateFrameworks/ProtocolBuffer.framework/Versions/A/ProtocolBuffer
0x00007fff2609f000 	/System/Library/PrivateFrameworks/CommonUtilities.framework/Versions/A/CommonUtilities
0x00007fff2bbaf000 	/System/Library/PrivateFrameworks/Bom.framework/Versions/A/Bom
0x00007fff2bfa1000 	/System/Library/PrivateFrameworks/GPUWrangler.framework/Versions/A/GPUWrangler
0x00007fff2bf86000 	/System/Library/PrivateFrameworks/IOPresentment.framework/Versions/A/IOPresentment
0x00007fff2bfab000 	/System/Library/PrivateFrameworks/DSExternalDisplay.framework/Versions/A/DSExternalDisplay
0x00007fff2c00b000 	/System/Library/PrivateFrameworks/CMCaptureCore.framework/Versions/A/CMCaptureCore
0x00007fff2b934000 	/System/Library/PrivateFrameworks/AppServerSupport.framework/Versions/A/AppServerSupport
0x00007fff2d9de000 	/System/Library/PrivateFrameworks/perfdata.framework/Versions/A/perfdata
0x00007fff29dad000 	/System/Library/PrivateFrameworks/AssertionServices.framework/Versions/A/AssertionServices
0x00007fff2163e000 	/System/Library/PrivateFrameworks/AudioToolboxCore.framework/Versions/A/AudioToolboxCore
0x00007fff28689000 	/System/Library/PrivateFrameworks/caulk.framework/Versions/A/caulk
0x00007fff3d66b000 	/System/Library/PrivateFrameworks/SystemPolicy.framework/Versions/A/SystemPolicy
0x00007fff2b144000 	/usr/lib/libIOReport.dylib
0x00007fff2d200000 	/usr/lib/libSMC.dylib
0x00007fff2bece000 	/usr/lib/libAudioToolboxUtility.dylib
0x00007fff3dfd5000 	/usr/lib/libmis.dylib
0x00007fff6cb47000 	/System/Library/Frameworks/OpenGL.framework/Versions/A/Libraries/libGLU.dylib
0x00007fff6cb0a000 	/System/Library/Frameworks/OpenGL.framework/Versions/A/Libraries/libGFXShared.dylib
0x00007fff6cd19000 	/System/Library/Frameworks/OpenGL.framework/Versions/A/Libraries/libGL.dylib
0x00007fff6cb13000 	/System/Library/Frameworks/OpenGL.framework/Versions/A/Libraries/libGLImage.dylib
0x00007fff6cb07000 	/System/Library/Frameworks/OpenGL.framework/Versions/A/Libraries/libCVMSPluginSupport.dylib
0x00007fff6caf2000 	/System/Library/Frameworks/OpenGL.framework/Versions/A/Libraries/libCoreVMClient.dylib
0x00007fff6e15a000 	/System/Library/Frameworks/OpenCL.framework/Versions/A/OpenCL
0x00007fff2b4be000 	/System/Library/PrivateFrameworks/GraphVisualizer.framework/Versions/A/GraphVisualizer
0x00007fff2b4cd000 	/System/Library/PrivateFrameworks/FaceCore.framework/Versions/A/FaceCore
0x00007fff2b8e9000 	/System/Library/PrivateFrameworks/OTSVG.framework/Versions/A/OTSVG
0x00007fff270fe000 	/System/Library/Frameworks/ApplicationServices.framework/Versions/A/Frameworks/ATS.framework/Versions/A/Resources/libFontRegistry.dylib
0x00007fff2b93b000 	/System/Library/PrivateFrameworks/FontServices.framework/libhvf.dylib
0x00007fff2b2fb000 	/System/Library/PrivateFrameworks/AppleVA.framework/Versions/A/AppleVA
0x00007fff2d049000 	/System/Library/Frameworks/ApplicationServices.framework/Versions/A/Frameworks/ATS.framework/Versions/A/ATS
0x00007fff2d35b000 	/System/Library/Frameworks/ApplicationServices.framework/Versions/A/Frameworks/ColorSyncLegacy.framework/Versions/A/ColorSyncLegacy
0x00007fff2561c000 	/System/Library/Frameworks/ApplicationServices.framework/Versions/A/Frameworks/HIServices.framework/Versions/A/HIServices
0x00007fff2d340000 	/System/Library/Frameworks/ApplicationServices.framework/Versions/A/Frameworks/LangAnalysis.framework/Versions/A/LangAnalysis
0x00007fff2c015000 	/System/Library/Frameworks/ApplicationServices.framework/Versions/A/Frameworks/PrintCore.framework/Versions/A/PrintCore
0x00007fff2d363000 	/System/Library/Frameworks/ApplicationServices.framework/Versions/A/Frameworks/QD.framework/Versions/A/QD
0x00007fff2d039000 	/System/Library/Frameworks/ApplicationServices.framework/Versions/A/Frameworks/SpeechSynthesis.framework/Versions/A/SpeechSynthesis
0x00007fff2bfd6000 	/System/Library/Frameworks/ApplicationServices.framework/Versions/A/Frameworks/ATSUI.framework/Versions/A/ATSUI
0x00007fff2d2e0000 	/usr/lib/libcups.2.dylib
0x00007fff2d350000 	/System/Library/PrivateFrameworks/NetAuth.framework/Versions/A/NetAuth
0x00007fff2d9fa000 	/System/Library/Frameworks/Kerberos.framework/Versions/A/Kerberos
0x00007fff2da0a000 	/System/Library/Frameworks/GSS.framework/Versions/A/GSS
0x00007fff2d0b5000 	/usr/lib/libresolv.9.dylib
0x00007fff2b950000 	/System/Library/PrivateFrameworks/Heimdal.framework/Versions/A/Heimdal
0x00007fff33781000 	/System/Library/Frameworks/Kerberos.framework/Versions/A/Libraries/libHeimdalProxy.dylib
0x00007fff2620b000 	/System/Library/Frameworks/Network.framework/Versions/A/Network
0x00007fff2b369000 	/usr/lib/libheimdal-asn1.dylib
0x00007fff2da5a000 	/System/Library/PrivateFrameworks/CommonAuth.framework/Versions/A/CommonAuth
0x00007fff27554000 	/System/Library/PrivateFrameworks/login.framework/Versions/A/Frameworks/loginsupport.framework/Versions/A/loginsupport
0x00007fff2cfbe000 	/System/Library/PrivateFrameworks/AudioSession.framework/Versions/A/AudioSession
0x00007fff2d026000 	/usr/lib/libAudioStatistics.dylib
0x00007fff2b3f6000 	/System/Library/PrivateFrameworks/MediaExperience.framework/Versions/A/MediaExperience
0x00007fff2ce5b000 	/System/Library/PrivateFrameworks/AudioSession.framework/libSessionUtility.dylib
0x00007fff2d9eb000 	/usr/lib/libperfcheck.dylib
0x00007fff2d36f000 	/System/Library/PrivateFrameworks/AudioResourceArbitration.framework/Versions/A/AudioResourceArbitration
0x00007fff2b373000 	/System/Library/PrivateFrameworks/IconFoundation.framework/Versions/A/IconFoundation
0x00007fff2fe91000 	/System/Library/PrivateFrameworks/SpeechRecognitionCore.framework/Versions/A/SpeechRecognitionCore
0x00007fff5df22000 	/System/Library/CoreServices/Encodings/libKoreanConverter.dylib
0x0000000111000000 	/Library/Java/JavaVirtualMachines/jdk-11.0.10.jdk/Contents/Home/lib/server/libjvm.dylib
0x000000010c89a000 	/Library/Java/JavaVirtualMachines/jdk-11.0.10.jdk/Contents/Home/lib/libverify.dylib
0x000000010c914000 	/Library/Java/JavaVirtualMachines/jdk-11.0.10.jdk/Contents/Home/lib/libjava.dylib
0x000000010c97b000 	/Library/Java/JavaVirtualMachines/jdk-11.0.10.jdk/Contents/Home/lib/libjimage.dylib
0x0000000113233000 	/private/var/folders/85/ldcddjcd60v27j11rgdt65z80000gn/T/libasyncProfiler.so
0x000000010c9a5000 	/Library/Java/JavaVirtualMachines/jdk-11.0.10.jdk/Contents/Home/lib/libinstrument.dylib
0x000000010ca08000 	/Library/Java/JavaVirtualMachines/jdk-11.0.10.jdk/Contents/Home/lib/libzip.dylib
0x000000010c8df000 	/Library/Java/JavaVirtualMachines/jdk-11.0.10.jdk/Contents/Home/lib/libnio.dylib
0x000000010ce67000 	/Library/Java/JavaVirtualMachines/jdk-11.0.10.jdk/Contents/Home/lib/libnet.dylib
0x000000010cf07000 	/Library/Java/JavaVirtualMachines/jdk-11.0.10.jdk/Contents/Home/lib/libextnet.dylib
0x000000010cf55000 	/Library/Java/JavaVirtualMachines/jdk-11.0.10.jdk/Contents/Home/lib/libmanagement.dylib
0x000000010cf74000 	/Library/Java/JavaVirtualMachines/jdk-11.0.10.jdk/Contents/Home/lib/libmanagement_ext.dylib


VM Arguments:
jvm_args: -agentpath:/private/var/folders/85/ldcddjcd60v27j11rgdt65z80000gn/T/libasyncProfiler.so=start,jfr,interval=1ms,framebuf=15000000,file=/private/var/folders/85/ldcddjcd60v27j11rgdt65z80000gn/T/asyncprofiler.jfr -XX:TieredStopAtLevel=1 -Xverify:none -Dspring.output.ansi.enabled=always -javaagent:/Applications/IntelliJ IDEA.app/Contents/lib/idea_rt.jar=49821:/Applications/IntelliJ IDEA.app/Contents/bin -Dcom.sun.management.jmxremote -Dspring.jmx.enabled=true -Dspring.liveBeansView.mbeanDomain -Dspring.application.admin.enabled=true -Dfile.encoding=UTF-8 
java_command: com.example.jpa.SampleApplication
java_class_path (initial): /Users/kimjihee/SpringStudyGroup/SpringStudyGroup/02-1/build/classes/java/main:/Users/kimjihee/SpringStudyGroup/SpringStudyGroup/02-1/build/resources/main:/Users/kimjihee/.gradle/caches/modules-2/files-2.1/org.springframework.boot/spring-boot-configuration-processor/2.4.2/176690129454b18c05ecd6f2f6bfb1b0fa4ee3ac/spring-boot-configuration-processor-2.4.2.jar:/Users/kimjihee/.gradle/caches/modules-2/files-2.1/org.projectlombok/lombok/1.18.16/6dc192c7f93ec1853f70d59d8a6dcf94eb42866/lombok-1.18.16.jar:/Users/kimjihee/.gradle/caches/modules-2/files-2.1/org.springframework.boot/spring-boot-starter-data-jpa/2.4.2/4c703d6746355d0d894fc22488c8756b8fe25d29/spring-boot-starter-data-jpa-2.4.2.jar:/Users/kimjihee/.gradle/caches/modules-2/files-2.1/org.springframework.boot/spring-boot-starter-security/2.4.2/95e705128da824bfb81d43e4ec199826a6b37107/spring-boot-starter-security-2.4.2.jar:/Users/kimjihee/.gradle/caches/modules-2/files-2.1/org.springframework.boot/spring-boot-starter-web/2.4.2/b61aa5408a80c4d0c0e5730b115066aaf90c61/spring-boot-starter-web-2.4.2.jar:/Users/kimjihee/.gradle/caches/modules-2/files-2.1/org.springframework.boot/spring-boot-starter-validation/2.4.2/ae13cc501335a416adc3c88502540ba11c77317/spring-boot-starter-validation-2.4.2.jar:/Users/kimjihee/.gradle/caches/modules-2/files-2.1/org.springframework.boot/spring-boot-starter-aop/2.4.2/442c08d70de18d5b1ddc903d1113eb8354690c1b/spring-boot-starter-aop-2.4.2.jar:/Users/kimjihee/.gradle/caches/modules-2/files-2.1/org.springframework.boot/spring-boot-starter-jdbc/2.4.2/ad7b041d1f536bf060abc10afa66ae84e6aa6801/spring-boot-starter-jdbc-2.4.2.jar:/Users/kimjihee/.gradle/caches/modules-2/files-2.1/jakarta.transaction/jakarta.transaction-api/1.3.3/c4179d48720a1e87202115fbed6089bdc4195405/jakarta.transaction-api-1.3.3.jar:/Users/kimjihee/.gradle/caches/modules-2/files-2.1/jakarta.persistence/jakarta.persistence-api/2.2.3/8f6ea5daedc614f07a3654a455660145286f024e/jakarta.persistence-api-2.2.3.j
Launcher Type: SUN_STANDARD

[Global flags]
     bool BytecodeVerificationLocal                = false                                     {product} {command line}
     bool BytecodeVerificationRemote               = false                                     {product} {command line}
     intx CICompilerCount                          = 4                                         {product} {ergonomic}
     uint ConcGCThreads                            = 2                                         {product} {ergonomic}
     uint G1ConcRefinementThreads                  = 8                                         {product} {ergonomic}
   size_t G1HeapRegionSize                         = 1048576                                   {product} {ergonomic}
    uintx GCDrainStackTargetSize                   = 64                                        {product} {ergonomic}
   size_t InitialHeapSize                          = 134217728                                 {product} {ergonomic}
     bool ManagementServer                         = true                                      {product} {command line}
   size_t MarkStackSize                            = 4194304                                   {product} {ergonomic}
   size_t MaxHeapSize                              = 2147483648                                {product} {ergonomic}
   size_t MaxNewSize                               = 1287651328                                {product} {ergonomic}
   size_t MinHeapDeltaBytes                        = 1048576                                   {product} {ergonomic}
    uintx NonNMethodCodeHeapSize                   = 7549744                                {pd product} {ergonomic}
    uintx NonProfiledCodeHeapSize                  = 244108496                              {pd product} {ergonomic}
    uintx ProfiledCodeHeapSize                     = 0                                      {pd product} {ergonomic}
    uintx ReservedCodeCacheSize                    = 251658240                              {pd product} {ergonomic}
     bool SegmentedCodeCache                       = true                                      {product} {ergonomic}
     intx TieredStopAtLevel                        = 1                                         {product} {command line}
     bool UseCompressedClassPointers               = true                                 {lp64_product} {ergonomic}
     bool UseCompressedOops                        = true                                 {lp64_product} {ergonomic}
     bool UseG1GC                                  = true                                      {product} {ergonomic}

Logging:
Log output configuration:
 #0: stdout all=warning uptime,level,tags
 #1: stderr all=off uptime,level,tags

Environment Variables:
PATH=/usr/local/bin:/usr/bin:/bin:/usr/sbin:/sbin
SHELL=/bin/zsh

Signal Handlers:
SIGSEGV: [libjvm.dylib+0x7976a8], sa_mask[0]=11111111111111111111111111111111, sa_flags=SA_ONSTACK|SA_RESTART|SA_SIGINFO
SIGBUS: [libjvm.dylib+0x7976a8], sa_mask[0]=11111111111111111111111111111111, sa_flags=SA_RESTART|SA_SIGINFO
SIGFPE: [libjvm.dylib+0x7976a8], sa_mask[0]=11111111111111111111111111111111, sa_flags=SA_RESTART|SA_SIGINFO
SIGPIPE: [libjvm.dylib+0x647bd7], sa_mask[0]=11111111111111111111111111111111, sa_flags=SA_RESTART|SA_SIGINFO
SIGXFSZ: [libjvm.dylib+0x647bd7], sa_mask[0]=11111111111111111111111111111111, sa_flags=SA_RESTART|SA_SIGINFO
SIGILL: [libjvm.dylib+0x7976a8], sa_mask[0]=11111111111111111111111111111111, sa_flags=SA_RESTART|SA_SIGINFO
SIGUSR2: [libjvm.dylib+0x6481c1], sa_mask[0]=00100000000000000000000000000000, sa_flags=SA_RESTART|SA_SIGINFO
SIGHUP: [libjvm.dylib+0x646c1f], sa_mask[0]=11111111111111111111111111111111, sa_flags=SA_RESTART|SA_SIGINFO
SIGINT: [libjvm.dylib+0x646c1f], sa_mask[0]=11111111111111111111111111111111, sa_flags=SA_RESTART|SA_SIGINFO
SIGTERM: [libjvm.dylib+0x646c1f], sa_mask[0]=11111111111111111111111111111111, sa_flags=SA_RESTART|SA_SIGINFO
SIGQUIT: [libjvm.dylib+0x646c1f], sa_mask[0]=11111111111111111111111111111111, sa_flags=SA_RESTART|SA_SIGINFO


---------------  S Y S T E M  ---------------

OS:uname:Darwin 20.2.0 Darwin Kernel Version 20.2.0: Wed Dec  2 20:40:21 PST 2020; root:xnu-7195.60.75~1/RELEASE_ARM64_T8101 x86_64
rlimit: STACK 8176k, CORE 0k, NPROC 1333, NOFILE 10240, AS infinity, DATA infinity, FSIZE infinity
load average:1.83 1.57 1.84

CPU:total 8 (initial active 8) (1 cores per cpu, 1 threads per core) family 6 model 44 stepping 0 microcode 0x0, cmov, cx8, fxsr, mmx, sse, sse2, sse3, ssse3, sse4.1, sse4.2, popcnt, aes, clmul, tsc, tscinvbit, tscinv

Memory: 4k page, physical 8388608k(140772k free)

vm_info: Java HotSpot(TM) 64-Bit Server VM (11.0.10+8-LTS-162) for bsd-amd64 JRE (11.0.10+8-LTS-162), built on Dec  8 2020 16:31:04 by "mach5one" with gcc 4.2.1 Compatible Apple LLVM 10.0.0 (clang-1000.11.45.5)

END.
